<?xml version="1.0" encoding="UTF-8"?>
<testng-results ignored="0" total="1" passed="1" failed="0" skipped="0">
  <reporter-output>
  </reporter-output>
  <suite started-at="2024-02-27T14:00:59 IST" name="Default suite" finished-at="2024-02-27T14:01:12 IST" duration-ms="13479">
    <groups>
    </groups>
    <test started-at="2024-02-27T14:00:59 IST" name="Default test" finished-at="2024-02-27T14:01:12 IST" duration-ms="13479">
      <class name="Axis_Manipal.Data_Driven.WriteDataToExcel">
        <test-method signature="fblogin()[pri:0, instance:Axis_Manipal.Data_Driven.WriteDataToExcel@63376bed]" started-at="2024-02-27T14:00:59 IST" name="fblogin" finished-at="2024-02-27T14:01:12 IST" duration-ms="13403" status="PASS">
          <reporter-output>
          </reporter-output>
        </test-method> <!-- fblogin -->
      </class> <!-- Axis_Manipal.Data_Driven.WriteDataToExcel -->
    </test> <!-- Default test -->
  </suite> <!-- Default suite -->
</testng-results>
